-------------------------------------------------------------------------------
Test set: com.example.demo.SpringcloudApplicationTests
-------------------------------------------------------------------------------
Tests run: 1, Failures: 0, Errors: 1, Skipped: 0, Time elapsed: 0.335 s <<< FAILURE! - in com.example.demo.SpringcloudApplicationTests
com.example.demo.SpringcloudApplicationTests  Time elapsed: 0.333 s  <<< ERROR!
java.lang.IllegalStateException: Unable to find a @SpringBootConfiguration, you need to use @ContextConfiguration or @SpringBootTest(classes=...) with your test

