-------------------------------------------------------------------------------
Test set: com.example.demo.GatewayServiceApplicationTests
-------------------------------------------------------------------------------
Tests run: 1, Failures: 0, Errors: 1, Skipped: 0, Time elapsed: 0.611 s <<< FAILURE! - in com.example.demo.GatewayServiceApplicationTests
com.example.demo.GatewayServiceApplicationTests  Time elapsed: 0.608 s  <<< ERROR!
java.lang.IllegalStateException: Unable to find a @SpringBootConfiguration, you need to use @ContextConfiguration or @SpringBootTest(classes=...) with your test

